----------------------------------------------------------------
<<<<<<< HEAD
Wed May 19 05:03:18 PDT 2021:
Booting Derby version The Apache Software Foundation - Apache Derby - 10.14.2.0 - (1828579): instance a816c00e-0179-8482-3cab-0000032c2a18 
on database directory F:\Derby\TTMS with class loader jdk.internal.loader.ClassLoaders$AppClassLoader@73d16e93 
Loaded from file:/C:/Users/umesha.DESKTOP-5DLDP8B/Downloads/derby-10.14.2.0.jar
java.vendor=Oracle Corporation
java.runtime.version=15.0.2+7-27
user.dir=C:\Users\umesha.DESKTOP-5DLDP8B\Desktop\newwwwITPM\TimeTableManagementSystem-ITPM
=======
Wed May 19 20:12:05 IST 2021:
Booting Derby version The Apache Software Foundation - Apache Derby - 10.14.2.0 - (1828579): instance a816c00e-0179-8513-9a6b-000007a6a728 
on database directory C:\Derby\TTMS with class loader jdk.internal.loader.ClassLoaders$AppClassLoader@4e0e2f2a 
Loaded from file:/C:/Derby/db-derby-10.14.2.0-bin/lib/derby.jar
java.vendor=Oracle Corporation
java.runtime.version=14.0.2+12-46
user.dir=D:\NetBeans Projects\SLIIT TimeTable Management System\TimeTableManagementSystem-ITPM
>>>>>>> a2a2f3591b0f88043da8f9fcb36d4459fc4388a5
os.name=Windows 10
os.arch=amd64
os.version=10.0
derby.system.home=null
Database Class Loader started - derby.database.classpath=''
